0 info it worked if it ends with ok
1 verbose cli [ 'C:\\Program Files\\nodejs\\node.exe',
1 verbose cli   'C:\\Program Files\\nodejs\\node_modules\\npm\\bin\\npm-cli.js',
1 verbose cli   'i' ]
2 info using npm@3.10.10
3 info using node@v6.11.0
4 silly loadCurrentTree Starting
5 silly install loadCurrentTree
6 silly install readLocalPackageData
7 silly install normalizeTree
8 silly loadCurrentTree Finishing
9 silly loadIdealTree Starting
10 silly install loadIdealTree
11 silly cloneCurrentTree Starting
12 silly install cloneCurrentTreeToIdealTree
13 silly cloneCurrentTree Finishing
14 silly loadShrinkwrap Starting
15 silly install loadShrinkwrap
16 silly loadShrinkwrap Finishing
17 silly loadAllDepsIntoIdealTree Starting
18 silly install loadAllDepsIntoIdealTree
19 silly fetchNamedPackageData bcrypt
20 silly mapToRegistry name bcrypt
21 silly mapToRegistry using default registry
22 silly mapToRegistry registry https://registry.npmjs.org/
23 silly mapToRegistry data Result {
23 silly mapToRegistry   raw: 'bcrypt',
23 silly mapToRegistry   scope: null,
23 silly mapToRegistry   escapedName: 'bcrypt',
23 silly mapToRegistry   name: 'bcrypt',
23 silly mapToRegistry   rawSpec: '',
23 silly mapToRegistry   spec: 'latest',
23 silly mapToRegistry   type: 'tag' }
24 silly mapToRegistry uri https://registry.npmjs.org/bcrypt
25 verbose request uri https://registry.npmjs.org/bcrypt
26 verbose request no auth needed
27 info attempt registry request try #1 at 2:09:08 PM
28 verbose request id 294c4768cdf1d7ae
29 verbose etag W/"59b52398-17f5a"
30 verbose lastModified Sun, 10 Sep 2017 11:35:52 GMT
31 http request GET https://registry.npmjs.org/bcrypt
32 http 304 https://registry.npmjs.org/bcrypt
33 verbose headers { date: 'Mon, 11 Sep 2017 21:09:06 GMT',
33 verbose headers   via: '1.1 varnish',
33 verbose headers   'cache-control': 'max-age=300',
33 verbose headers   etag: 'W/"59b52398-17f5a"',
33 verbose headers   age: '76',
33 verbose headers   connection: 'keep-alive',
33 verbose headers   'x-served-by': 'cache-sea1035-SEA',
33 verbose headers   'x-cache': 'HIT',
33 verbose headers   'x-cache-hits': '1',
33 verbose headers   'x-timer': 'S1505164147.762567,VS0,VE0',
33 verbose headers   vary: 'Accept-Encoding, Accept' }
34 silly get cb [ 304,
34 silly get   { date: 'Mon, 11 Sep 2017 21:09:06 GMT',
34 silly get     via: '1.1 varnish',
34 silly get     'cache-control': 'max-age=300',
34 silly get     etag: 'W/"59b52398-17f5a"',
34 silly get     age: '76',
34 silly get     connection: 'keep-alive',
34 silly get     'x-served-by': 'cache-sea1035-SEA',
34 silly get     'x-cache': 'HIT',
34 silly get     'x-cache-hits': '1',
34 silly get     'x-timer': 'S1505164147.762567,VS0,VE0',
34 silly get     vary: 'Accept-Encoding, Accept' } ]
35 verbose etag https://registry.npmjs.org/bcrypt from cache
36 verbose get saving bcrypt to C:\Users\ZachAndChels\AppData\Roaming\npm-cache\registry.npmjs.org\bcrypt\.cache.json
37 verbose correctMkdir C:\Users\ZachAndChels\AppData\Roaming\npm-cache correctMkdir not in flight; initializing
38 silly resolveWithNewModule bcrypt@0.5.0 checking installable status
39 silly cache add args [ 'bcrypt@^0.5.0', null ]
40 verbose cache add spec bcrypt@^0.5.0
41 silly cache add parsed spec Result {
41 silly cache add   raw: 'bcrypt@^0.5.0',
41 silly cache add   scope: null,
41 silly cache add   escapedName: 'bcrypt',
41 silly cache add   name: 'bcrypt',
41 silly cache add   rawSpec: '^0.5.0',
41 silly cache add   spec: '>=0.5.0 <0.6.0',
41 silly cache add   type: 'range' }
42 silly addNamed bcrypt@>=0.5.0 <0.6.0
43 verbose addNamed ">=0.5.0 <0.6.0" is a valid semver range for bcrypt
44 silly addNameRange { name: 'bcrypt', range: '>=0.5.0 <0.6.0', hasData: false }
45 silly mapToRegistry name bcrypt
46 silly mapToRegistry using default registry
47 silly mapToRegistry registry https://registry.npmjs.org/
48 silly mapToRegistry data Result {
48 silly mapToRegistry   raw: 'bcrypt',
48 silly mapToRegistry   scope: null,
48 silly mapToRegistry   escapedName: 'bcrypt',
48 silly mapToRegistry   name: 'bcrypt',
48 silly mapToRegistry   rawSpec: '',
48 silly mapToRegistry   spec: 'latest',
48 silly mapToRegistry   type: 'tag' }
49 silly mapToRegistry uri https://registry.npmjs.org/bcrypt
50 verbose addNameRange registry:https://registry.npmjs.org/bcrypt not in flight; fetching
51 verbose get https://registry.npmjs.org/bcrypt not expired, no request
52 silly addNameRange number 2 { name: 'bcrypt', range: '>=0.5.0 <0.6.0', hasData: true }
53 silly addNameRange versions [ 'bcrypt',
53 silly addNameRange   [ '0.1.2',
53 silly addNameRange     '0.2.0',
53 silly addNameRange     '0.2.1',
53 silly addNameRange     '0.1.3',
53 silly addNameRange     '0.2.2',
53 silly addNameRange     '0.2.3',
53 silly addNameRange     '0.2.4',
53 silly addNameRange     '0.3.0',
53 silly addNameRange     '0.3.1',
53 silly addNameRange     '0.3.2',
53 silly addNameRange     '0.4.0',
53 silly addNameRange     '0.4.1',
53 silly addNameRange     '0.5.0',
53 silly addNameRange     '0.6.0',
53 silly addNameRange     '0.7.0',
53 silly addNameRange     '0.7.1',
53 silly addNameRange     '0.7.2',
53 silly addNameRange     '0.7.3',
53 silly addNameRange     '0.7.4',
53 silly addNameRange     '0.7.5',
53 silly addNameRange     '0.7.6',
53 silly addNameRange     '0.7.7',
53 silly addNameRange     '0.7.8',
53 silly addNameRange     '0.8.0',
53 silly addNameRange     '0.8.1',
53 silly addNameRange     '0.8.2',
53 silly addNameRange     '0.8.3',
53 silly addNameRange     '0.8.4',
53 silly addNameRange     '0.8.5',
53 silly addNameRange     '0.8.6',
53 silly addNameRange     '0.8.7',
53 silly addNameRange     '1.0.0',
53 silly addNameRange     '1.0.1',
53 silly addNameRange     '1.0.2',
53 silly addNameRange     '1.0.3' ] ]
54 silly addNamed bcrypt@0.5.0
55 verbose addNamed "0.5.0" is a plain semver version for bcrypt
56 silly cache afterAdd bcrypt@0.5.0
57 verbose afterAdd C:\Users\ZachAndChels\AppData\Roaming\npm-cache\bcrypt\0.5.0\package\package.json not in flight; writing
58 verbose correctMkdir C:\Users\ZachAndChels\AppData\Roaming\npm-cache correctMkdir not in flight; initializing
59 verbose afterAdd C:\Users\ZachAndChels\AppData\Roaming\npm-cache\bcrypt\0.5.0\package\package.json written
60 silly loadAllDepsIntoIdealTree Finishing
61 silly loadIdealTree Finishing
62 silly currentTree zach-auth16@1.0.0
62 silly currentTree +-- abab@1.0.3
62 silly currentTree +-- accepts@1.3.4
62 silly currentTree +-- acorn-globals@3.1.0
62 silly currentTree | `-- acorn@4.0.13
62 silly currentTree +-- acorn-jsx@3.0.1
62 silly currentTree | `-- acorn@3.3.0
62 silly currentTree +-- acorn@5.1.2
62 silly currentTree +-- ajv-keywords@1.5.1
62 silly currentTree +-- ajv@4.11.8
62 silly currentTree +-- align-text@0.1.4
62 silly currentTree +-- amdefine@1.0.1
62 silly currentTree +-- ansi-escapes@2.0.0
62 silly currentTree +-- ansi-regex@2.1.1
62 silly currentTree +-- ansi-styles@2.2.1
62 silly currentTree +-- anymatch@1.3.2
62 silly currentTree +-- append-transform@0.4.0
62 silly currentTree +-- argparse@1.0.9
62 silly currentTree +-- arr-diff@2.0.0
62 silly currentTree +-- arr-flatten@1.1.0
62 silly currentTree +-- array-equal@1.0.0
62 silly currentTree +-- array-flatten@1.1.1
62 silly currentTree +-- array-union@1.0.2
62 silly currentTree +-- array-uniq@1.0.3
62 silly currentTree +-- array-unique@0.2.1
62 silly currentTree +-- arrify@1.0.1
62 silly currentTree +-- asn1@0.2.3
62 silly currentTree +-- assert-plus@0.2.0
62 silly currentTree +-- async@2.1.4
62 silly currentTree +-- asynckit@0.4.0
62 silly currentTree +-- aws-sign2@0.6.0
62 silly currentTree +-- aws4@1.6.0
62 silly currentTree +-- babel-code-frame@6.26.0
62 silly currentTree | `-- chalk@1.1.3
62 silly currentTree +-- babel-core@6.26.0
62 silly currentTree | `-- debug@2.6.8
62 silly currentTree +-- babel-generator@6.26.0
62 silly currentTree +-- babel-helpers@6.24.1
62 silly currentTree +-- babel-jest@20.0.3
62 silly currentTree +-- babel-messages@6.23.0
62 silly currentTree +-- babel-plugin-istanbul@4.1.4
62 silly currentTree +-- babel-plugin-jest-hoist@20.0.3
62 silly currentTree +-- babel-preset-jest@20.0.3
62 silly currentTree +-- babel-register@6.26.0
62 silly currentTree +-- babel-runtime@6.26.0
62 silly currentTree +-- babel-template@6.26.0
62 silly currentTree +-- babel-traverse@6.26.0
62 silly currentTree | `-- debug@2.6.8
62 silly currentTree +-- babel-types@6.26.0
62 silly currentTree +-- babylon@6.18.0
62 silly currentTree +-- balanced-match@1.0.0
62 silly currentTree +-- base64url@2.0.0
62 silly currentTree +-- bcrypt-pbkdf@1.0.1
62 silly currentTree +-- bluebird@3.5.0
62 silly currentTree +-- body-parser@1.18.0
62 silly currentTree | +-- debug@2.6.8
62 silly currentTree | `-- qs@6.5.0
62 silly currentTree +-- boom@2.10.1
62 silly currentTree +-- brace-expansion@1.1.8
62 silly currentTree +-- braces@1.8.5
62 silly currentTree +-- browser-resolve@1.11.2
62 silly currentTree | `-- resolve@1.1.7
62 silly currentTree +-- bser@2.0.0
62 silly currentTree +-- bson@1.0.4
62 silly currentTree +-- buffer-equal-constant-time@1.0.1
62 silly currentTree +-- buffer-shims@1.0.0
62 silly currentTree +-- builtin-modules@1.1.1
62 silly currentTree +-- bytes@3.0.0
62 silly currentTree +-- caller-path@0.1.0
62 silly currentTree +-- callsites@0.2.0
62 silly currentTree +-- camelcase@1.2.1
62 silly currentTree +-- caseless@0.12.0
62 silly currentTree +-- center-align@0.1.3
62 silly currentTree +-- chalk@2.1.0
62 silly currentTree | +-- ansi-styles@3.2.0
62 silly currentTree | `-- supports-color@4.4.0
62 silly currentTree +-- ci-info@1.1.1
62 silly currentTree +-- circular-json@0.3.3
62 silly currentTree +-- cli-cursor@2.1.0
62 silly currentTree +-- cli-width@2.2.0
62 silly currentTree +-- cliui@2.1.0
62 silly currentTree | `-- wordwrap@0.0.2
62 silly currentTree +-- co@4.6.0
62 silly currentTree +-- code-point-at@1.1.0
62 silly currentTree +-- color-convert@1.9.0
62 silly currentTree +-- color-name@1.1.3
62 silly currentTree +-- combined-stream@1.0.5
62 silly currentTree +-- component-emitter@1.2.1
62 silly currentTree +-- concat-map@0.0.1
62 silly currentTree +-- concat-stream@1.6.0
62 silly currentTree +-- content-disposition@0.5.2
62 silly currentTree +-- content-type-parser@1.0.1
62 silly currentTree +-- content-type@1.0.3
62 silly currentTree +-- convert-source-map@1.5.0
62 silly currentTree +-- cookie-signature@1.0.6
62 silly currentTree +-- cookie@0.3.1
62 silly currentTree +-- cookiejar@2.1.1
62 silly currentTree +-- core-js@2.5.1
62 silly currentTree +-- core-util-is@1.0.2
62 silly currentTree +-- cors@2.8.4
62 silly currentTree +-- cross-spawn@5.1.0
62 silly currentTree +-- cryptiles@2.0.5
62 silly currentTree +-- cssom@0.3.2
62 silly currentTree +-- cssstyle@0.2.37
62 silly currentTree +-- dashdash@1.14.1
62 silly currentTree | `-- assert-plus@1.0.0
62 silly currentTree +-- debug@3.0.1
62 silly currentTree +-- decamelize@1.2.0
62 silly currentTree +-- deep-is@0.1.3
62 silly currentTree +-- default-require-extensions@1.0.0
62 silly currentTree +-- del@2.2.2
62 silly currentTree +-- delayed-stream@1.0.0
62 silly currentTree +-- depd@1.1.1
62 silly currentTree +-- destroy@1.0.4
62 silly currentTree +-- detect-indent@4.0.0
62 silly currentTree +-- diff@3.3.1
62 silly currentTree +-- doctrine@2.0.0
62 silly currentTree +-- dotenv@4.0.0
62 silly currentTree +-- ecc-jsbn@0.1.1
62 silly currentTree +-- ecdsa-sig-formatter@1.0.9
62 silly currentTree +-- ee-first@1.1.1
62 silly currentTree +-- encodeurl@1.0.1
62 silly currentTree +-- errno@0.1.4
62 silly currentTree +-- error-ex@1.3.1
62 silly currentTree +-- es6-promise@3.2.1
62 silly currentTree +-- escape-html@1.0.3
62 silly currentTree +-- escape-string-regexp@1.0.5
62 silly currentTree +-- escodegen@1.9.0
62 silly currentTree | `-- esprima@3.1.3
62 silly currentTree +-- eslint-scope@3.7.1
62 silly currentTree +-- eslint@4.6.1
62 silly currentTree | +-- ajv@5.2.2
62 silly currentTree | +-- ansi-regex@3.0.0
62 silly currentTree | +-- debug@2.6.8
62 silly currentTree | `-- strip-ansi@4.0.0
62 silly currentTree +-- espree@3.5.0
62 silly currentTree +-- esprima@4.0.0
62 silly currentTree +-- esquery@1.0.0
62 silly currentTree +-- esrecurse@4.2.0
62 silly currentTree +-- estraverse@4.2.0
62 silly currentTree +-- esutils@2.0.2
62 silly currentTree +-- etag@1.8.0
62 silly currentTree +-- exec-sh@0.2.1
62 silly currentTree +-- expand-brackets@0.1.5
62 silly currentTree +-- expand-range@1.8.2
62 silly currentTree +-- express@4.15.4
62 silly currentTree | +-- debug@2.6.8
62 silly currentTree | `-- qs@6.5.0
62 silly currentTree +-- extend@3.0.1
62 silly currentTree +-- external-editor@2.0.4
62 silly currentTree +-- extglob@0.3.2
62 silly currentTree +-- extsprintf@1.3.0
62 silly currentTree +-- faker@4.1.0
62 silly currentTree +-- fast-deep-equal@1.0.0
62 silly currentTree +-- fast-levenshtein@2.0.6
62 silly currentTree +-- fb-watchman@2.0.0
62 silly currentTree +-- figures@2.0.0
62 silly currentTree +-- file-entry-cache@2.0.0
62 silly currentTree +-- filename-regex@2.0.1
62 silly currentTree +-- fileset@2.0.3
62 silly currentTree +-- fill-range@2.2.3
62 silly currentTree +-- finalhandler@1.0.4
62 silly currentTree | `-- debug@2.6.8
62 silly currentTree +-- find-up@2.1.0
62 silly currentTree +-- flat-cache@1.2.2
62 silly currentTree +-- for-in@1.0.2
62 silly currentTree +-- for-own@0.1.5
62 silly currentTree +-- forever-agent@0.6.1
62 silly currentTree +-- form-data@2.1.4
62 silly currentTree +-- formidable@1.1.1
62 silly currentTree +-- forwarded@0.1.1
62 silly currentTree +-- fresh@0.5.0
62 silly currentTree +-- fs.realpath@1.0.0
62 silly currentTree +-- functional-red-black-tree@1.0.1
62 silly currentTree +-- get-caller-file@1.0.2
62 silly currentTree +-- getpass@0.1.7
62 silly currentTree | `-- assert-plus@1.0.0
62 silly currentTree +-- glob-base@0.3.0
62 silly currentTree +-- glob-parent@2.0.0
62 silly currentTree +-- glob@7.1.2
62 silly currentTree +-- globals@9.18.0
62 silly currentTree +-- globby@5.0.0
62 silly currentTree +-- graceful-fs@4.1.11
62 silly currentTree +-- growly@1.3.0
62 silly currentTree +-- handlebars@4.0.10
62 silly currentTree | +-- async@1.5.2
62 silly currentTree | `-- source-map@0.4.4
62 silly currentTree +-- har-schema@1.0.5
62 silly currentTree +-- har-validator@4.2.1
62 silly currentTree +-- has-ansi@2.0.0
62 silly currentTree +-- has-flag@2.0.0
62 silly currentTree +-- hawk@3.1.3
62 silly currentTree +-- hoek@2.16.3
62 silly currentTree +-- home-or-tmp@2.0.0
62 silly currentTree +-- hooks-fixed@2.0.0
62 silly currentTree +-- hosted-git-info@2.5.0
62 silly currentTree +-- html-encoding-sniffer@1.0.1
62 silly currentTree +-- http-errors@1.6.2
62 silly currentTree +-- http-signature@1.1.1
62 silly currentTree +-- iconv-lite@0.4.18
62 silly currentTree +-- ignore@3.3.5
62 silly currentTree +-- imurmurhash@0.1.4
62 silly currentTree +-- inflight@1.0.6
62 silly currentTree +-- inherits@2.0.3
62 silly currentTree +-- inquirer@3.2.3
62 silly currentTree | +-- ansi-regex@3.0.0
62 silly currentTree | +-- is-fullwidth-code-point@2.0.0
62 silly currentTree | +-- string-width@2.1.1
62 silly currentTree | `-- strip-ansi@4.0.0
62 silly currentTree +-- invariant@2.2.2
62 silly currentTree +-- invert-kv@1.0.0
62 silly currentTree +-- ipaddr.js@1.4.0
62 silly currentTree +-- is-arrayish@0.2.1
62 silly currentTree +-- is-buffer@1.1.5
62 silly currentTree +-- is-builtin-module@1.0.0
62 silly currentTree +-- is-ci@1.0.10
62 silly currentTree +-- is-dotfile@1.0.3
62 silly currentTree +-- is-equal-shallow@0.1.3
62 silly currentTree +-- is-extendable@0.1.1
62 silly currentTree +-- is-extglob@1.0.0
62 silly currentTree +-- is-finite@1.0.2
62 silly currentTree +-- is-fullwidth-code-point@1.0.0
62 silly currentTree +-- is-glob@2.0.1
62 silly currentTree +-- is-number@2.1.0
62 silly currentTree +-- is-path-cwd@1.0.0
62 silly currentTree +-- is-path-in-cwd@1.0.0
62 silly currentTree +-- is-path-inside@1.0.0
62 silly currentTree +-- is-posix-bracket@0.1.1
62 silly currentTree +-- is-primitive@2.0.0
62 silly currentTree +-- is-promise@2.1.0
62 silly currentTree +-- is-resolvable@1.0.0
62 silly currentTree +-- is-typedarray@1.0.0
62 silly currentTree +-- is-utf8@0.2.1
62 silly currentTree +-- isarray@1.0.0
62 silly currentTree +-- isexe@2.0.0
62 silly currentTree +-- isobject@2.1.0
62 silly currentTree +-- isstream@0.1.2
62 silly currentTree +-- istanbul-api@1.1.14
62 silly currentTree +-- istanbul-lib-coverage@1.1.1
62 silly currentTree +-- istanbul-lib-hook@1.0.7
62 silly currentTree +-- istanbul-lib-instrument@1.8.0
62 silly currentTree +-- istanbul-lib-report@1.1.1
62 silly currentTree | +-- has-flag@1.0.0
62 silly currentTree | `-- supports-color@3.2.3
62 silly currentTree +-- istanbul-lib-source-maps@1.2.1
62 silly currentTree | `-- debug@2.6.8
62 silly currentTree +-- istanbul-reports@1.1.2
62 silly currentTree +-- jest-changed-files@20.0.3
62 silly currentTree +-- jest-config@20.0.4
62 silly currentTree | `-- chalk@1.1.3
62 silly currentTree +-- jest-diff@20.0.3
62 silly currentTree | `-- chalk@1.1.3
62 silly currentTree +-- jest-docblock@20.0.3
62 silly currentTree +-- jest-environment-jsdom@20.0.3
62 silly currentTree +-- jest-environment-node@20.0.3
62 silly currentTree +-- jest-haste-map@20.0.5
62 silly currentTree +-- jest-jasmine2@20.0.4
62 silly currentTree | `-- chalk@1.1.3
62 silly currentTree +-- jest-matcher-utils@20.0.3
62 silly currentTree | `-- chalk@1.1.3
62 silly currentTree +-- jest-matchers@20.0.3
62 silly currentTree +-- jest-message-util@20.0.3
62 silly currentTree | `-- chalk@1.1.3
62 silly currentTree +-- jest-mock@20.0.3
62 silly currentTree +-- jest-regex-util@20.0.3
62 silly currentTree +-- jest-resolve-dependencies@20.0.3
62 silly currentTree +-- jest-resolve@20.0.4
62 silly currentTree +-- jest-runtime@20.0.4
62 silly currentTree | +-- chalk@1.1.3
62 silly currentTree | `-- strip-bom@3.0.0
62 silly currentTree +-- jest-snapshot@20.0.3
62 silly currentTree | `-- chalk@1.1.3
62 silly currentTree +-- jest-util@20.0.3
62 silly currentTree | `-- chalk@1.1.3
62 silly currentTree +-- jest-validate@20.0.3
62 silly currentTree | `-- chalk@1.1.3
62 silly currentTree +-- jest@20.0.4
62 silly currentTree | +-- ansi-escapes@1.4.0
62 silly currentTree | +-- callsites@2.0.0
62 silly currentTree | +-- chalk@1.1.3
62 silly currentTree | `-- jest-cli@20.0.4
62 silly currentTree +-- js-tokens@3.0.2
62 silly currentTree +-- js-yaml@3.10.0
62 silly currentTree +-- jsbn@0.1.1
62 silly currentTree +-- jschardet@1.5.1
62 silly currentTree +-- jsdom@9.12.0
62 silly currentTree | `-- acorn@4.0.13
62 silly currentTree +-- jsesc@1.3.0
62 silly currentTree +-- json-schema-traverse@0.3.1
62 silly currentTree +-- json-schema@0.2.3
62 silly currentTree +-- json-stable-stringify@1.0.1
62 silly currentTree +-- json-stringify-safe@5.0.1
62 silly currentTree +-- json5@0.5.1
62 silly currentTree +-- jsonify@0.0.0
62 silly currentTree +-- jsonwebtoken@8.0.0
62 silly currentTree +-- jsprim@1.4.1
62 silly currentTree | `-- assert-plus@1.0.0
62 silly currentTree +-- jwa@1.1.5
62 silly currentTree +-- jws@3.1.4
62 silly currentTree +-- kareem@1.5.0
62 silly currentTree +-- kind-of@3.2.2
62 silly currentTree +-- lazy-cache@1.0.4
62 silly currentTree +-- lcid@1.0.0
62 silly currentTree +-- leven@2.1.0
62 silly currentTree +-- levn@0.3.0
62 silly currentTree +-- load-json-file@1.1.0
62 silly currentTree +-- locate-path@2.0.0
62 silly currentTree +-- lodash.includes@4.3.0
62 silly currentTree +-- lodash.isarray@4.0.0
62 silly currentTree +-- lodash.isboolean@3.0.3
62 silly currentTree +-- lodash.isinteger@4.0.4
62 silly currentTree +-- lodash.isnumber@3.0.3
62 silly currentTree +-- lodash.isplainobject@4.0.6
62 silly currentTree +-- lodash.isstring@4.0.1
62 silly currentTree +-- lodash.once@4.1.1
62 silly currentTree +-- lodash@4.17.4
62 silly currentTree +-- longest@1.0.1
62 silly currentTree +-- loose-envify@1.3.1
62 silly currentTree +-- lru-cache@4.1.1
62 silly currentTree +-- makeerror@1.0.11
62 silly currentTree +-- media-typer@0.3.0
62 silly currentTree +-- merge-descriptors@1.0.1
62 silly currentTree +-- merge@1.2.0
62 silly currentTree +-- methods@1.1.2
62 silly currentTree +-- micromatch@2.3.11
62 silly currentTree +-- mime-db@1.30.0
62 silly currentTree +-- mime-types@2.1.17
62 silly currentTree +-- mime@1.3.4
62 silly currentTree +-- mimic-fn@1.1.0
62 silly currentTree +-- minimatch@3.0.4
62 silly currentTree +-- minimist@0.0.8
62 silly currentTree +-- mkdirp@0.5.1
62 silly currentTree +-- mongodb-core@2.1.15
62 silly currentTree +-- mongodb@2.2.31
62 silly currentTree | `-- readable-stream@2.2.7
62 silly currentTree +-- mongoose@4.11.11
62 silly currentTree +-- mpath@0.3.0
62 silly currentTree +-- mpromise@0.5.5
62 silly currentTree +-- mquery@2.3.1
62 silly currentTree | +-- bluebird@2.10.2
62 silly currentTree | +-- debug@2.6.8
62 silly currentTree | `-- sliced@0.0.5
62 silly currentTree +-- ms@2.0.0
62 silly currentTree +-- muri@1.2.2
62 silly currentTree +-- mute-stream@0.0.7
62 silly currentTree +-- natural-compare@1.4.0
62 silly currentTree +-- negotiator@0.6.1
62 silly currentTree +-- node-int64@0.4.0
62 silly currentTree +-- node-notifier@5.1.2
62 silly currentTree +-- normalize-package-data@2.4.0
62 silly currentTree +-- normalize-path@2.1.1
62 silly currentTree +-- number-is-nan@1.0.1
62 silly currentTree +-- nwmatcher@1.4.1
62 silly currentTree +-- oauth-sign@0.8.2
62 silly currentTree +-- object-assign@4.1.1
62 silly currentTree +-- object.omit@2.0.1
62 silly currentTree +-- on-finished@2.3.0
62 silly currentTree +-- once@1.4.0
62 silly currentTree +-- onetime@2.0.1
62 silly currentTree +-- optimist@0.6.1
62 silly currentTree | `-- wordwrap@0.0.3
62 silly currentTree +-- optionator@0.8.2
62 silly currentTree +-- os-homedir@1.0.2
62 silly currentTree +-- os-locale@1.4.0
62 silly currentTree +-- os-tmpdir@1.0.2
62 silly currentTree +-- p-limit@1.1.0
62 silly currentTree +-- p-locate@2.0.0
62 silly currentTree +-- p-map@1.1.1
62 silly currentTree +-- parse-glob@3.0.4
62 silly currentTree +-- parse-json@2.2.0
62 silly currentTree +-- parse5@1.5.1
62 silly currentTree +-- parseurl@1.3.2
62 silly currentTree +-- path-exists@3.0.0
62 silly currentTree +-- path-is-absolute@1.0.1
62 silly currentTree +-- path-is-inside@1.0.2
62 silly currentTree +-- path-parse@1.0.5
62 silly currentTree +-- path-to-regexp@0.1.7
62 silly currentTree +-- path-type@1.1.0
62 silly currentTree +-- performance-now@0.2.0
62 silly currentTree +-- pify@2.3.0
62 silly currentTree +-- pinkie-promise@2.0.1
62 silly currentTree +-- pinkie@2.0.4
62 silly currentTree +-- pluralize@4.0.0
62 silly currentTree +-- prelude-ls@1.1.2
62 silly currentTree +-- preserve@0.2.0
62 silly currentTree +-- pretty-format@20.0.3
62 silly currentTree | `-- ansi-styles@3.2.0
62 silly currentTree +-- private@0.1.7
62 silly currentTree +-- process-nextick-args@1.0.7
62 silly currentTree +-- progress@2.0.0
62 silly currentTree +-- proxy-addr@1.1.5
62 silly currentTree +-- prr@0.0.0
62 silly currentTree +-- pseudomap@1.0.2
62 silly currentTree +-- punycode@1.4.1
62 silly currentTree +-- qs@6.4.0
62 silly currentTree +-- randomatic@1.1.7
62 silly currentTree | +-- is-number@3.0.0
62 silly currentTree | | `-- kind-of@3.2.2
62 silly currentTree | `-- kind-of@4.0.0
62 silly currentTree +-- range-parser@1.2.0
62 silly currentTree +-- raw-body@2.3.1
62 silly currentTree +-- read-pkg-up@1.0.1
62 silly currentTree | +-- find-up@1.1.2
62 silly currentTree | `-- path-exists@2.1.0
62 silly currentTree +-- read-pkg@1.1.0
62 silly currentTree +-- readable-stream@2.3.3
62 silly currentTree +-- regenerator-runtime@0.11.0
62 silly currentTree +-- regex-cache@0.4.4
62 silly currentTree +-- regexp-clone@0.0.1
62 silly currentTree +-- remove-trailing-separator@1.1.0
62 silly currentTree +-- repeat-element@1.1.2
62 silly currentTree +-- repeat-string@1.6.1
62 silly currentTree +-- repeating@2.0.1
62 silly currentTree +-- request@2.81.0
62 silly currentTree +-- require_optional@1.0.1
62 silly currentTree +-- require-directory@2.1.1
62 silly currentTree +-- require-main-filename@1.0.1
62 silly currentTree +-- require-uncached@1.0.3
62 silly currentTree | `-- resolve-from@1.0.1
62 silly currentTree +-- resolve-from@2.0.0
62 silly currentTree +-- resolve@1.4.0
62 silly currentTree +-- restore-cursor@2.0.0
62 silly currentTree +-- right-align@0.1.3
62 silly currentTree +-- rimraf@2.6.2
62 silly currentTree +-- run-async@2.3.0
62 silly currentTree +-- rx-lite-aggregates@4.0.8
62 silly currentTree +-- rx-lite@4.0.8
62 silly currentTree +-- safe-buffer@5.1.1
62 silly currentTree +-- sane@1.6.0
62 silly currentTree | +-- bser@1.0.2
62 silly currentTree | +-- fb-watchman@1.9.2
62 silly currentTree | `-- minimist@1.2.0
62 silly currentTree +-- sax@1.2.4
62 silly currentTree +-- semver@5.4.1
62 silly currentTree +-- send@0.15.4
62 silly currentTree | `-- debug@2.6.8
62 silly currentTree +-- serve-static@1.12.4
62 silly currentTree +-- set-blocking@2.0.0
62 silly currentTree +-- setprototypeof@1.0.3
62 silly currentTree +-- shebang-command@1.2.0
62 silly currentTree +-- shebang-regex@1.0.0
62 silly currentTree +-- shellwords@0.1.1
62 silly currentTree +-- signal-exit@3.0.2
62 silly currentTree +-- slash@1.0.0
62 silly currentTree +-- slice-ansi@0.0.4
62 silly currentTree +-- sliced@1.0.1
62 silly currentTree +-- sntp@1.0.9
62 silly currentTree +-- source-map-support@0.4.18
62 silly currentTree +-- source-map@0.5.7
62 silly currentTree +-- spdx-correct@1.0.2
62 silly currentTree +-- spdx-expression-parse@1.0.4
62 silly currentTree +-- spdx-license-ids@1.2.2
62 silly currentTree +-- sprintf-js@1.0.3
62 silly currentTree +-- sshpk@1.13.1
62 silly currentTree | `-- assert-plus@1.0.0
62 silly currentTree +-- statuses@1.3.1
62 silly currentTree +-- string_decoder@1.0.3
62 silly currentTree +-- string-length@1.0.1
62 silly currentTree +-- string-width@1.0.2
62 silly currentTree +-- stringstream@0.0.5
62 silly currentTree +-- strip-ansi@3.0.1
62 silly currentTree +-- strip-bom@2.0.0
62 silly currentTree +-- strip-json-comments@2.0.1
62 silly currentTree +-- superagent@3.6.0
62 silly currentTree | +-- debug@2.6.8
62 silly currentTree | `-- mime@1.4.0
62 silly currentTree +-- supports-color@2.0.0
62 silly currentTree +-- symbol-tree@3.2.2
62 silly currentTree +-- table@4.0.1
62 silly currentTree | +-- ansi-regex@3.0.0
62 silly currentTree | +-- chalk@1.1.3
62 silly currentTree | +-- is-fullwidth-code-point@2.0.0
62 silly currentTree | `-- string-width@2.1.1
62 silly currentTree |   `-- strip-ansi@4.0.0
62 silly currentTree +-- test-exclude@4.1.1
62 silly currentTree +-- text-table@0.2.0
62 silly currentTree +-- throat@3.2.0
62 silly currentTree +-- through@2.3.8
62 silly currentTree +-- tmp@0.0.31
62 silly currentTree +-- tmpl@1.0.4
62 silly currentTree +-- to-fast-properties@1.0.3
62 silly currentTree +-- tough-cookie@2.3.2
62 silly currentTree +-- tr46@0.0.3
62 silly currentTree +-- trim-right@1.0.1
62 silly currentTree +-- tryit@1.0.3
62 silly currentTree +-- tunnel-agent@0.6.0
62 silly currentTree +-- tweetnacl@0.14.5
62 silly currentTree +-- type-check@0.3.2
62 silly currentTree +-- type-is@1.6.15
62 silly currentTree +-- typedarray@0.0.6
62 silly currentTree +-- uglify-js@2.8.29
62 silly currentTree | `-- yargs@3.10.0
62 silly currentTree +-- uglify-to-browserify@1.0.2
62 silly currentTree +-- unpipe@1.0.0
62 silly currentTree +-- util-deprecate@1.0.2
62 silly currentTree +-- utils-merge@1.0.0
62 silly currentTree +-- uuid@3.1.0
62 silly currentTree +-- validate-npm-package-license@3.0.1
62 silly currentTree +-- vary@1.1.1
62 silly currentTree +-- verror@1.10.0
62 silly currentTree | `-- assert-plus@1.0.0
62 silly currentTree +-- walker@1.0.7
62 silly currentTree +-- watch@0.10.0
62 silly currentTree +-- webidl-conversions@4.0.2
62 silly currentTree +-- whatwg-encoding@1.0.1
62 silly currentTree | `-- iconv-lite@0.4.13
62 silly currentTree +-- whatwg-url@4.8.0
62 silly currentTree | `-- webidl-conversions@3.0.1
62 silly currentTree +-- which-module@1.0.0
62 silly currentTree +-- which@1.3.0
62 silly currentTree +-- window-size@0.1.0
62 silly currentTree +-- wordwrap@1.0.0
62 silly currentTree +-- worker-farm@1.5.0
62 silly currentTree +-- wrap-ansi@2.1.0
62 silly currentTree +-- wrappy@1.0.2
62 silly currentTree +-- write@0.2.1
62 silly currentTree +-- xml-name-validator@2.0.1
62 silly currentTree +-- xtend@4.0.1
62 silly currentTree +-- y18n@3.2.1
62 silly currentTree +-- yallist@2.1.2
62 silly currentTree +-- yargs-parser@5.0.0
62 silly currentTree | `-- camelcase@3.0.0
62 silly currentTree `-- yargs@7.1.0
62 silly currentTree   +-- camelcase@3.0.0
62 silly currentTree   `-- cliui@3.2.0
63 silly idealTree zach-auth16@1.0.0
63 silly idealTree +-- abab@1.0.3
63 silly idealTree +-- accepts@1.3.4
63 silly idealTree +-- acorn-globals@3.1.0
63 silly idealTree | `-- acorn@4.0.13
63 silly idealTree +-- acorn-jsx@3.0.1
63 silly idealTree | `-- acorn@3.3.0
63 silly idealTree +-- acorn@5.1.2
63 silly idealTree +-- ajv-keywords@1.5.1
63 silly idealTree +-- ajv@4.11.8
63 silly idealTree +-- align-text@0.1.4
63 silly idealTree +-- amdefine@1.0.1
63 silly idealTree +-- ansi-escapes@2.0.0
63 silly idealTree +-- ansi-regex@2.1.1
63 silly idealTree +-- ansi-styles@2.2.1
63 silly idealTree +-- anymatch@1.3.2
63 silly idealTree +-- append-transform@0.4.0
63 silly idealTree +-- argparse@1.0.9
63 silly idealTree +-- arr-diff@2.0.0
63 silly idealTree +-- arr-flatten@1.1.0
63 silly idealTree +-- array-equal@1.0.0
63 silly idealTree +-- array-flatten@1.1.1
63 silly idealTree +-- array-union@1.0.2
63 silly idealTree +-- array-uniq@1.0.3
63 silly idealTree +-- array-unique@0.2.1
63 silly idealTree +-- arrify@1.0.1
63 silly idealTree +-- asn1@0.2.3
63 silly idealTree +-- assert-plus@0.2.0
63 silly idealTree +-- async@2.1.4
63 silly idealTree +-- asynckit@0.4.0
63 silly idealTree +-- aws-sign2@0.6.0
63 silly idealTree +-- aws4@1.6.0
63 silly idealTree +-- babel-code-frame@6.26.0
63 silly idealTree | `-- chalk@1.1.3
63 silly idealTree +-- babel-core@6.26.0
63 silly idealTree | `-- debug@2.6.8
63 silly idealTree +-- babel-generator@6.26.0
63 silly idealTree +-- babel-helpers@6.24.1
63 silly idealTree +-- babel-jest@20.0.3
63 silly idealTree +-- babel-messages@6.23.0
63 silly idealTree +-- babel-plugin-istanbul@4.1.4
63 silly idealTree +-- babel-plugin-jest-hoist@20.0.3
63 silly idealTree +-- babel-preset-jest@20.0.3
63 silly idealTree +-- babel-register@6.26.0
63 silly idealTree +-- babel-runtime@6.26.0
63 silly idealTree +-- babel-template@6.26.0
63 silly idealTree +-- babel-traverse@6.26.0
63 silly idealTree | `-- debug@2.6.8
63 silly idealTree +-- babel-types@6.26.0
63 silly idealTree +-- babylon@6.18.0
63 silly idealTree +-- balanced-match@1.0.0
63 silly idealTree +-- base64url@2.0.0
63 silly idealTree +-- bcrypt-pbkdf@1.0.1
63 silly idealTree +-- bcrypt@0.5.0
63 silly idealTree +-- bluebird@3.5.0
63 silly idealTree +-- body-parser@1.18.0
63 silly idealTree | +-- debug@2.6.8
63 silly idealTree | `-- qs@6.5.0
63 silly idealTree +-- boom@2.10.1
63 silly idealTree +-- brace-expansion@1.1.8
63 silly idealTree +-- braces@1.8.5
63 silly idealTree +-- browser-resolve@1.11.2
63 silly idealTree | `-- resolve@1.1.7
63 silly idealTree +-- bser@2.0.0
63 silly idealTree +-- bson@1.0.4
63 silly idealTree +-- buffer-equal-constant-time@1.0.1
63 silly idealTree +-- buffer-shims@1.0.0
63 silly idealTree +-- builtin-modules@1.1.1
63 silly idealTree +-- bytes@3.0.0
63 silly idealTree +-- caller-path@0.1.0
63 silly idealTree +-- callsites@0.2.0
63 silly idealTree +-- camelcase@1.2.1
63 silly idealTree +-- caseless@0.12.0
63 silly idealTree +-- center-align@0.1.3
63 silly idealTree +-- chalk@2.1.0
63 silly idealTree | +-- ansi-styles@3.2.0
63 silly idealTree | `-- supports-color@4.4.0
63 silly idealTree +-- ci-info@1.1.1
63 silly idealTree +-- circular-json@0.3.3
63 silly idealTree +-- cli-cursor@2.1.0
63 silly idealTree +-- cli-width@2.2.0
63 silly idealTree +-- cliui@2.1.0
63 silly idealTree | `-- wordwrap@0.0.2
63 silly idealTree +-- co@4.6.0
63 silly idealTree +-- code-point-at@1.1.0
63 silly idealTree +-- color-convert@1.9.0
63 silly idealTree +-- color-name@1.1.3
63 silly idealTree +-- combined-stream@1.0.5
63 silly idealTree +-- component-emitter@1.2.1
63 silly idealTree +-- concat-map@0.0.1
63 silly idealTree +-- concat-stream@1.6.0
63 silly idealTree +-- content-disposition@0.5.2
63 silly idealTree +-- content-type-parser@1.0.1
63 silly idealTree +-- content-type@1.0.3
63 silly idealTree +-- convert-source-map@1.5.0
63 silly idealTree +-- cookie-signature@1.0.6
63 silly idealTree +-- cookie@0.3.1
63 silly idealTree +-- cookiejar@2.1.1
63 silly idealTree +-- core-js@2.5.1
63 silly idealTree +-- core-util-is@1.0.2
63 silly idealTree +-- cors@2.8.4
63 silly idealTree +-- cross-spawn@5.1.0
63 silly idealTree +-- cryptiles@2.0.5
63 silly idealTree +-- cssom@0.3.2
63 silly idealTree +-- cssstyle@0.2.37
63 silly idealTree +-- dashdash@1.14.1
63 silly idealTree | `-- assert-plus@1.0.0
63 silly idealTree +-- debug@3.0.1
63 silly idealTree +-- decamelize@1.2.0
63 silly idealTree +-- deep-is@0.1.3
63 silly idealTree +-- default-require-extensions@1.0.0
63 silly idealTree +-- del@2.2.2
63 silly idealTree +-- delayed-stream@1.0.0
63 silly idealTree +-- depd@1.1.1
63 silly idealTree +-- destroy@1.0.4
63 silly idealTree +-- detect-indent@4.0.0
63 silly idealTree +-- diff@3.3.1
63 silly idealTree +-- doctrine@2.0.0
63 silly idealTree +-- dotenv@4.0.0
63 silly idealTree +-- ecc-jsbn@0.1.1
63 silly idealTree +-- ecdsa-sig-formatter@1.0.9
63 silly idealTree +-- ee-first@1.1.1
63 silly idealTree +-- encodeurl@1.0.1
63 silly idealTree +-- errno@0.1.4
63 silly idealTree +-- error-ex@1.3.1
63 silly idealTree +-- es6-promise@3.2.1
63 silly idealTree +-- escape-html@1.0.3
63 silly idealTree +-- escape-string-regexp@1.0.5
63 silly idealTree +-- escodegen@1.9.0
63 silly idealTree | `-- esprima@3.1.3
63 silly idealTree +-- eslint-scope@3.7.1
63 silly idealTree +-- eslint@4.6.1
63 silly idealTree | +-- ajv@5.2.2
63 silly idealTree | +-- ansi-regex@3.0.0
63 silly idealTree | +-- debug@2.6.8
63 silly idealTree | `-- strip-ansi@4.0.0
63 silly idealTree +-- espree@3.5.0
63 silly idealTree +-- esprima@4.0.0
63 silly idealTree +-- esquery@1.0.0
63 silly idealTree +-- esrecurse@4.2.0
63 silly idealTree +-- estraverse@4.2.0
63 silly idealTree +-- esutils@2.0.2
63 silly idealTree +-- etag@1.8.0
63 silly idealTree +-- exec-sh@0.2.1
63 silly idealTree +-- expand-brackets@0.1.5
63 silly idealTree +-- expand-range@1.8.2
63 silly idealTree +-- express@4.15.4
63 silly idealTree | +-- debug@2.6.8
63 silly idealTree | `-- qs@6.5.0
63 silly idealTree +-- extend@3.0.1
63 silly idealTree +-- external-editor@2.0.4
63 silly idealTree +-- extglob@0.3.2
63 silly idealTree +-- extsprintf@1.3.0
63 silly idealTree +-- faker@4.1.0
63 silly idealTree +-- fast-deep-equal@1.0.0
63 silly idealTree +-- fast-levenshtein@2.0.6
63 silly idealTree +-- fb-watchman@2.0.0
63 silly idealTree +-- figures@2.0.0
63 silly idealTree +-- file-entry-cache@2.0.0
63 silly idealTree +-- filename-regex@2.0.1
63 silly idealTree +-- fileset@2.0.3
63 silly idealTree +-- fill-range@2.2.3
63 silly idealTree +-- finalhandler@1.0.4
63 silly idealTree | `-- debug@2.6.8
63 silly idealTree +-- find-up@2.1.0
63 silly idealTree +-- flat-cache@1.2.2
63 silly idealTree +-- for-in@1.0.2
63 silly idealTree +-- for-own@0.1.5
63 silly idealTree +-- forever-agent@0.6.1
63 silly idealTree +-- form-data@2.1.4
63 silly idealTree +-- formidable@1.1.1
63 silly idealTree +-- forwarded@0.1.1
63 silly idealTree +-- fresh@0.5.0
63 silly idealTree +-- fs.realpath@1.0.0
63 silly idealTree +-- functional-red-black-tree@1.0.1
63 silly idealTree +-- get-caller-file@1.0.2
63 silly idealTree +-- getpass@0.1.7
63 silly idealTree | `-- assert-plus@1.0.0
63 silly idealTree +-- glob-base@0.3.0
63 silly idealTree +-- glob-parent@2.0.0
63 silly idealTree +-- glob@7.1.2
63 silly idealTree +-- globals@9.18.0
63 silly idealTree +-- globby@5.0.0
63 silly idealTree +-- graceful-fs@4.1.11
63 silly idealTree +-- growly@1.3.0
63 silly idealTree +-- handlebars@4.0.10
63 silly idealTree | +-- async@1.5.2
63 silly idealTree | `-- source-map@0.4.4
63 silly idealTree +-- har-schema@1.0.5
63 silly idealTree +-- har-validator@4.2.1
63 silly idealTree +-- has-ansi@2.0.0
63 silly idealTree +-- has-flag@2.0.0
63 silly idealTree +-- hawk@3.1.3
63 silly idealTree +-- hoek@2.16.3
63 silly idealTree +-- home-or-tmp@2.0.0
63 silly idealTree +-- hooks-fixed@2.0.0
63 silly idealTree +-- hosted-git-info@2.5.0
63 silly idealTree +-- html-encoding-sniffer@1.0.1
63 silly idealTree +-- http-errors@1.6.2
63 silly idealTree +-- http-signature@1.1.1
63 silly idealTree +-- iconv-lite@0.4.18
63 silly idealTree +-- ignore@3.3.5
63 silly idealTree +-- imurmurhash@0.1.4
63 silly idealTree +-- inflight@1.0.6
63 silly idealTree +-- inherits@2.0.3
63 silly idealTree +-- inquirer@3.2.3
63 silly idealTree | +-- ansi-regex@3.0.0
63 silly idealTree | +-- is-fullwidth-code-point@2.0.0
63 silly idealTree | +-- string-width@2.1.1
63 silly idealTree | `-- strip-ansi@4.0.0
63 silly idealTree +-- invariant@2.2.2
63 silly idealTree +-- invert-kv@1.0.0
63 silly idealTree +-- ipaddr.js@1.4.0
63 silly idealTree +-- is-arrayish@0.2.1
63 silly idealTree +-- is-buffer@1.1.5
63 silly idealTree +-- is-builtin-module@1.0.0
63 silly idealTree +-- is-ci@1.0.10
63 silly idealTree +-- is-dotfile@1.0.3
63 silly idealTree +-- is-equal-shallow@0.1.3
63 silly idealTree +-- is-extendable@0.1.1
63 silly idealTree +-- is-extglob@1.0.0
63 silly idealTree +-- is-finite@1.0.2
63 silly idealTree +-- is-fullwidth-code-point@1.0.0
63 silly idealTree +-- is-glob@2.0.1
63 silly idealTree +-- is-number@2.1.0
63 silly idealTree +-- is-path-cwd@1.0.0
63 silly idealTree +-- is-path-in-cwd@1.0.0
63 silly idealTree +-- is-path-inside@1.0.0
63 silly idealTree +-- is-posix-bracket@0.1.1
63 silly idealTree +-- is-primitive@2.0.0
63 silly idealTree +-- is-promise@2.1.0
63 silly idealTree +-- is-resolvable@1.0.0
63 silly idealTree +-- is-typedarray@1.0.0
63 silly idealTree +-- is-utf8@0.2.1
63 silly idealTree +-- isarray@1.0.0
63 silly idealTree +-- isexe@2.0.0
63 silly idealTree +-- isobject@2.1.0
63 silly idealTree +-- isstream@0.1.2
63 silly idealTree +-- istanbul-api@1.1.14
63 silly idealTree +-- istanbul-lib-coverage@1.1.1
63 silly idealTree +-- istanbul-lib-hook@1.0.7
63 silly idealTree +-- istanbul-lib-instrument@1.8.0
63 silly idealTree +-- istanbul-lib-report@1.1.1
63 silly idealTree | +-- has-flag@1.0.0
63 silly idealTree | `-- supports-color@3.2.3
63 silly idealTree +-- istanbul-lib-source-maps@1.2.1
63 silly idealTree | `-- debug@2.6.8
63 silly idealTree +-- istanbul-reports@1.1.2
63 silly idealTree +-- jest-changed-files@20.0.3
63 silly idealTree +-- jest-config@20.0.4
63 silly idealTree | `-- chalk@1.1.3
63 silly idealTree +-- jest-diff@20.0.3
63 silly idealTree | `-- chalk@1.1.3
63 silly idealTree +-- jest-docblock@20.0.3
63 silly idealTree +-- jest-environment-jsdom@20.0.3
63 silly idealTree +-- jest-environment-node@20.0.3
63 silly idealTree +-- jest-haste-map@20.0.5
63 silly idealTree +-- jest-jasmine2@20.0.4
63 silly idealTree | `-- chalk@1.1.3
63 silly idealTree +-- jest-matcher-utils@20.0.3
63 silly idealTree | `-- chalk@1.1.3
63 silly idealTree +-- jest-matchers@20.0.3
63 silly idealTree +-- jest-message-util@20.0.3
63 silly idealTree | `-- chalk@1.1.3
63 silly idealTree +-- jest-mock@20.0.3
63 silly idealTree +-- jest-regex-util@20.0.3
63 silly idealTree +-- jest-resolve-dependencies@20.0.3
63 silly idealTree +-- jest-resolve@20.0.4
63 silly idealTree +-- jest-runtime@20.0.4
63 silly idealTree | +-- chalk@1.1.3
63 silly idealTree | `-- strip-bom@3.0.0
63 silly idealTree +-- jest-snapshot@20.0.3
63 silly idealTree | `-- chalk@1.1.3
63 silly idealTree +-- jest-util@20.0.3
63 silly idealTree | `-- chalk@1.1.3
63 silly idealTree +-- jest-validate@20.0.3
63 silly idealTree | `-- chalk@1.1.3
63 silly idealTree +-- jest@20.0.4
63 silly idealTree | +-- ansi-escapes@1.4.0
63 silly idealTree | +-- callsites@2.0.0
63 silly idealTree | +-- chalk@1.1.3
63 silly idealTree | `-- jest-cli@20.0.4
63 silly idealTree +-- js-tokens@3.0.2
63 silly idealTree +-- js-yaml@3.10.0
63 silly idealTree +-- jsbn@0.1.1
63 silly idealTree +-- jschardet@1.5.1
63 silly idealTree +-- jsdom@9.12.0
63 silly idealTree | `-- acorn@4.0.13
63 silly idealTree +-- jsesc@1.3.0
63 silly idealTree +-- json-schema-traverse@0.3.1
63 silly idealTree +-- json-schema@0.2.3
63 silly idealTree +-- json-stable-stringify@1.0.1
63 silly idealTree +-- json-stringify-safe@5.0.1
63 silly idealTree +-- json5@0.5.1
63 silly idealTree +-- jsonify@0.0.0
63 silly idealTree +-- jsonwebtoken@8.0.0
63 silly idealTree +-- jsprim@1.4.1
63 silly idealTree | `-- assert-plus@1.0.0
63 silly idealTree +-- jwa@1.1.5
63 silly idealTree +-- jws@3.1.4
63 silly idealTree +-- kareem@1.5.0
63 silly idealTree +-- kind-of@3.2.2
63 silly idealTree +-- lazy-cache@1.0.4
63 silly idealTree +-- lcid@1.0.0
63 silly idealTree +-- leven@2.1.0
63 silly idealTree +-- levn@0.3.0
63 silly idealTree +-- load-json-file@1.1.0
63 silly idealTree +-- locate-path@2.0.0
63 silly idealTree +-- lodash.includes@4.3.0
63 silly idealTree +-- lodash.isarray@4.0.0
63 silly idealTree +-- lodash.isboolean@3.0.3
63 silly idealTree +-- lodash.isinteger@4.0.4
63 silly idealTree +-- lodash.isnumber@3.0.3
63 silly idealTree +-- lodash.isplainobject@4.0.6
63 silly idealTree +-- lodash.isstring@4.0.1
63 silly idealTree +-- lodash.once@4.1.1
63 silly idealTree +-- lodash@4.17.4
63 silly idealTree +-- longest@1.0.1
63 silly idealTree +-- loose-envify@1.3.1
63 silly idealTree +-- lru-cache@4.1.1
63 silly idealTree +-- makeerror@1.0.11
63 silly idealTree +-- media-typer@0.3.0
63 silly idealTree +-- merge-descriptors@1.0.1
63 silly idealTree +-- merge@1.2.0
63 silly idealTree +-- methods@1.1.2
63 silly idealTree +-- micromatch@2.3.11
63 silly idealTree +-- mime-db@1.30.0
63 silly idealTree +-- mime-types@2.1.17
63 silly idealTree +-- mime@1.3.4
63 silly idealTree +-- mimic-fn@1.1.0
63 silly idealTree +-- minimatch@3.0.4
63 silly idealTree +-- minimist@0.0.8
63 silly idealTree +-- mkdirp@0.5.1
63 silly idealTree +-- mongodb-core@2.1.15
63 silly idealTree +-- mongodb@2.2.31
63 silly idealTree | `-- readable-stream@2.2.7
63 silly idealTree +-- mongoose@4.11.11
63 silly idealTree +-- mpath@0.3.0
63 silly idealTree +-- mpromise@0.5.5
63 silly idealTree +-- mquery@2.3.1
63 silly idealTree | +-- bluebird@2.10.2
63 silly idealTree | +-- debug@2.6.8
63 silly idealTree | `-- sliced@0.0.5
63 silly idealTree +-- ms@2.0.0
63 silly idealTree +-- muri@1.2.2
63 silly idealTree +-- mute-stream@0.0.7
63 silly idealTree +-- natural-compare@1.4.0
63 silly idealTree +-- negotiator@0.6.1
63 silly idealTree +-- node-int64@0.4.0
63 silly idealTree +-- node-notifier@5.1.2
63 silly idealTree +-- normalize-package-data@2.4.0
63 silly idealTree +-- normalize-path@2.1.1
63 silly idealTree +-- number-is-nan@1.0.1
63 silly idealTree +-- nwmatcher@1.4.1
63 silly idealTree +-- oauth-sign@0.8.2
63 silly idealTree +-- object-assign@4.1.1
63 silly idealTree +-- object.omit@2.0.1
63 silly idealTree +-- on-finished@2.3.0
63 silly idealTree +-- once@1.4.0
63 silly idealTree +-- onetime@2.0.1
63 silly idealTree +-- optimist@0.6.1
63 silly idealTree | `-- wordwrap@0.0.3
63 silly idealTree +-- optionator@0.8.2
63 silly idealTree +-- os-homedir@1.0.2
63 silly idealTree +-- os-locale@1.4.0
63 silly idealTree +-- os-tmpdir@1.0.2
63 silly idealTree +-- p-limit@1.1.0
63 silly idealTree +-- p-locate@2.0.0
63 silly idealTree +-- p-map@1.1.1
63 silly idealTree +-- parse-glob@3.0.4
63 silly idealTree +-- parse-json@2.2.0
63 silly idealTree +-- parse5@1.5.1
63 silly idealTree +-- parseurl@1.3.2
63 silly idealTree +-- path-exists@3.0.0
63 silly idealTree +-- path-is-absolute@1.0.1
63 silly idealTree +-- path-is-inside@1.0.2
63 silly idealTree +-- path-parse@1.0.5
63 silly idealTree +-- path-to-regexp@0.1.7
63 silly idealTree +-- path-type@1.1.0
63 silly idealTree +-- performance-now@0.2.0
63 silly idealTree +-- pify@2.3.0
63 silly idealTree +-- pinkie-promise@2.0.1
63 silly idealTree +-- pinkie@2.0.4
63 silly idealTree +-- pluralize@4.0.0
63 silly idealTree +-- prelude-ls@1.1.2
63 silly idealTree +-- preserve@0.2.0
63 silly idealTree +-- pretty-format@20.0.3
63 silly idealTree | `-- ansi-styles@3.2.0
63 silly idealTree +-- private@0.1.7
63 silly idealTree +-- process-nextick-args@1.0.7
63 silly idealTree +-- progress@2.0.0
63 silly idealTree +-- proxy-addr@1.1.5
63 silly idealTree +-- prr@0.0.0
63 silly idealTree +-- pseudomap@1.0.2
63 silly idealTree +-- punycode@1.4.1
63 silly idealTree +-- qs@6.4.0
63 silly idealTree +-- randomatic@1.1.7
63 silly idealTree | +-- is-number@3.0.0
63 silly idealTree | | `-- kind-of@3.2.2
63 silly idealTree | `-- kind-of@4.0.0
63 silly idealTree +-- range-parser@1.2.0
63 silly idealTree +-- raw-body@2.3.1
63 silly idealTree +-- read-pkg-up@1.0.1
63 silly idealTree | +-- find-up@1.1.2
63 silly idealTree | `-- path-exists@2.1.0
63 silly idealTree +-- read-pkg@1.1.0
63 silly idealTree +-- readable-stream@2.3.3
63 silly idealTree +-- regenerator-runtime@0.11.0
63 silly idealTree +-- regex-cache@0.4.4
63 silly idealTree +-- regexp-clone@0.0.1
63 silly idealTree +-- remove-trailing-separator@1.1.0
63 silly idealTree +-- repeat-element@1.1.2
63 silly idealTree +-- repeat-string@1.6.1
63 silly idealTree +-- repeating@2.0.1
63 silly idealTree +-- request@2.81.0
63 silly idealTree +-- require_optional@1.0.1
63 silly idealTree +-- require-directory@2.1.1
63 silly idealTree +-- require-main-filename@1.0.1
63 silly idealTree +-- require-uncached@1.0.3
63 silly idealTree | `-- resolve-from@1.0.1
63 silly idealTree +-- resolve-from@2.0.0
63 silly idealTree +-- resolve@1.4.0
63 silly idealTree +-- restore-cursor@2.0.0
63 silly idealTree +-- right-align@0.1.3
63 silly idealTree +-- rimraf@2.6.2
63 silly idealTree +-- run-async@2.3.0
63 silly idealTree +-- rx-lite-aggregates@4.0.8
63 silly idealTree +-- rx-lite@4.0.8
63 silly idealTree +-- safe-buffer@5.1.1
63 silly idealTree +-- sane@1.6.0
63 silly idealTree | +-- bser@1.0.2
63 silly idealTree | +-- fb-watchman@1.9.2
63 silly idealTree | `-- minimist@1.2.0
63 silly idealTree +-- sax@1.2.4
63 silly idealTree +-- semver@5.4.1
63 silly idealTree +-- send@0.15.4
63 silly idealTree | `-- debug@2.6.8
63 silly idealTree +-- serve-static@1.12.4
63 silly idealTree +-- set-blocking@2.0.0
63 silly idealTree +-- setprototypeof@1.0.3
63 silly idealTree +-- shebang-command@1.2.0
63 silly idealTree +-- shebang-regex@1.0.0
63 silly idealTree +-- shellwords@0.1.1
63 silly idealTree +-- signal-exit@3.0.2
63 silly idealTree +-- slash@1.0.0
63 silly idealTree +-- slice-ansi@0.0.4
63 silly idealTree +-- sliced@1.0.1
63 silly idealTree +-- sntp@1.0.9
63 silly idealTree +-- source-map-support@0.4.18
63 silly idealTree +-- source-map@0.5.7
63 silly idealTree +-- spdx-correct@1.0.2
63 silly idealTree +-- spdx-expression-parse@1.0.4
63 silly idealTree +-- spdx-license-ids@1.2.2
63 silly idealTree +-- sprintf-js@1.0.3
63 silly idealTree +-- sshpk@1.13.1
63 silly idealTree | `-- assert-plus@1.0.0
63 silly idealTree +-- statuses@1.3.1
63 silly idealTree +-- string_decoder@1.0.3
63 silly idealTree +-- string-length@1.0.1
63 silly idealTree +-- string-width@1.0.2
63 silly idealTree +-- stringstream@0.0.5
63 silly idealTree +-- strip-ansi@3.0.1
63 silly idealTree +-- strip-bom@2.0.0
63 silly idealTree +-- strip-json-comments@2.0.1
63 silly idealTree +-- superagent@3.6.0
63 silly idealTree | +-- debug@2.6.8
63 silly idealTree | `-- mime@1.4.0
63 silly idealTree +-- supports-color@2.0.0
63 silly idealTree +-- symbol-tree@3.2.2
63 silly idealTree +-- table@4.0.1
63 silly idealTree | +-- ansi-regex@3.0.0
63 silly idealTree | +-- chalk@1.1.3
63 silly idealTree | +-- is-fullwidth-code-point@2.0.0
63 silly idealTree | `-- string-width@2.1.1
63 silly idealTree |   `-- strip-ansi@4.0.0
63 silly idealTree +-- test-exclude@4.1.1
63 silly idealTree +-- text-table@0.2.0
63 silly idealTree +-- throat@3.2.0
63 silly idealTree +-- through@2.3.8
63 silly idealTree +-- tmp@0.0.31
63 silly idealTree +-- tmpl@1.0.4
63 silly idealTree +-- to-fast-properties@1.0.3
63 silly idealTree +-- tough-cookie@2.3.2
63 silly idealTree +-- tr46@0.0.3
63 silly idealTree +-- trim-right@1.0.1
63 silly idealTree +-- tryit@1.0.3
63 silly idealTree +-- tunnel-agent@0.6.0
63 silly idealTree +-- tweetnacl@0.14.5
63 silly idealTree +-- type-check@0.3.2
63 silly idealTree +-- type-is@1.6.15
63 silly idealTree +-- typedarray@0.0.6
63 silly idealTree +-- uglify-js@2.8.29
63 silly idealTree | `-- yargs@3.10.0
63 silly idealTree +-- uglify-to-browserify@1.0.2
63 silly idealTree +-- unpipe@1.0.0
63 silly idealTree +-- util-deprecate@1.0.2
63 silly idealTree +-- utils-merge@1.0.0
63 silly idealTree +-- uuid@3.1.0
63 silly idealTree +-- validate-npm-package-license@3.0.1
63 silly idealTree +-- vary@1.1.1
63 silly idealTree +-- verror@1.10.0
63 silly idealTree | `-- assert-plus@1.0.0
63 silly idealTree +-- walker@1.0.7
63 silly idealTree +-- watch@0.10.0
63 silly idealTree +-- webidl-conversions@4.0.2
63 silly idealTree +-- whatwg-encoding@1.0.1
63 silly idealTree | `-- iconv-lite@0.4.13
63 silly idealTree +-- whatwg-url@4.8.0
63 silly idealTree | `-- webidl-conversions@3.0.1
63 silly idealTree +-- which-module@1.0.0
63 silly idealTree +-- which@1.3.0
63 silly idealTree +-- window-size@0.1.0
63 silly idealTree +-- wordwrap@1.0.0
63 silly idealTree +-- worker-farm@1.5.0
63 silly idealTree +-- wrap-ansi@2.1.0
63 silly idealTree +-- wrappy@1.0.2
63 silly idealTree +-- write@0.2.1
63 silly idealTree +-- xml-name-validator@2.0.1
63 silly idealTree +-- xtend@4.0.1
63 silly idealTree +-- y18n@3.2.1
63 silly idealTree +-- yallist@2.1.2
63 silly idealTree +-- yargs-parser@5.0.0
63 silly idealTree | `-- camelcase@3.0.0
63 silly idealTree `-- yargs@7.1.0
63 silly idealTree   +-- camelcase@3.0.0
63 silly idealTree   `-- cliui@3.2.0
64 silly generateActionsToTake Starting
65 silly install generateActionsToTake
66 silly generateActionsToTake Finishing
67 silly diffTrees action count 1
68 silly diffTrees add bcrypt@0.5.0
69 silly decomposeActions action count 8
70 silly decomposeActions fetch bcrypt@0.5.0
71 silly decomposeActions extract bcrypt@0.5.0
72 silly decomposeActions test bcrypt@0.5.0
73 silly decomposeActions preinstall bcrypt@0.5.0
74 silly decomposeActions build bcrypt@0.5.0
75 silly decomposeActions install bcrypt@0.5.0
76 silly decomposeActions postinstall bcrypt@0.5.0
77 silly decomposeActions finalize bcrypt@0.5.0
78 silly runTopLevelLifecycles Starting
79 silly install runPreinstallTopLevelLifecycles
80 silly preinstall zach-auth16@1.0.0 C:\Users\ZachAndChels\codefellows\401\labs\16-basic-auth\lab-zach\zach-auth16-1daca5f3
81 info lifecycle zach-auth16@1.0.0~preinstall: zach-auth16@1.0.0
82 silly lifecycle zach-auth16@1.0.0~preinstall: no script for preinstall, continuing
83 silly executeActions Starting
84 silly install executeActions
85 silly doSerial global-install 0
86 silly doParallel fetch 1
87 verbose correctMkdir C:\Users\ZachAndChels\AppData\Roaming\npm-cache\_locks correctMkdir not in flight; initializing
88 verbose lock using C:\Users\ZachAndChels\AppData\Roaming\npm-cache\_locks\staging-09b41a9f431814e9.lock for C:\Users\ZachAndChels\codefellows\401\labs\16-basic-auth\lab-zach\node_modules\.staging
89 silly doParallel extract 1
90 silly extract bcrypt@0.5.0
91 verbose unbuild node_modules\.staging\bcrypt-1d09bc8b
92 silly gentlyRm C:\Users\ZachAndChels\codefellows\401\labs\16-basic-auth\lab-zach\node_modules\.staging\bcrypt-1d09bc8b is being purged from base C:\Users\ZachAndChels\codefellows\401\labs\16-basic-auth\lab-zach
93 verbose gentlyRm don't care about contents; nuking C:\Users\ZachAndChels\codefellows\401\labs\16-basic-auth\lab-zach\node_modules\.staging\bcrypt-1d09bc8b
94 verbose tar unpack C:\Users\ZachAndChels\AppData\Roaming\npm-cache\bcrypt\0.5.0\package.tgz
95 verbose tar unpacking to C:\Users\ZachAndChels\codefellows\401\labs\16-basic-auth\lab-zach\node_modules\.staging\bcrypt-1d09bc8b
96 silly gentlyRm C:\Users\ZachAndChels\codefellows\401\labs\16-basic-auth\lab-zach\node_modules\.staging\bcrypt-1d09bc8b is being purged
97 verbose gentlyRm don't care about contents; nuking C:\Users\ZachAndChels\codefellows\401\labs\16-basic-auth\lab-zach\node_modules\.staging\bcrypt-1d09bc8b
98 silly gunzTarPerm modes [ '777', '666' ]
99 silly gunzTarPerm extractEntry README.md
100 silly gunzTarPerm modified mode [ 'README.md', 420, 438 ]
101 silly gunzTarPerm extractEntry test/
102 silly gunzTarPerm modified mode [ 'test/', 493, 511 ]
103 silly gunzTarPerm extractEntry test/async.js
104 silly gunzTarPerm modified mode [ 'test/async.js', 420, 438 ]
105 silly gunzTarPerm extractEntry test/deprecated.js
106 silly gunzTarPerm modified mode [ 'test/deprecated.js', 420, 438 ]
107 silly gunzTarPerm extractEntry test/repetitions.js
108 silly gunzTarPerm modified mode [ 'test/repetitions.js', 420, 438 ]
109 silly gunzTarPerm extractEntry test/sync.js
110 silly gunzTarPerm modified mode [ 'test/sync.js', 420, 438 ]
111 silly gunzTarPerm extractEntry package.json
112 silly gunzTarPerm modified mode [ 'package.json', 420, 438 ]
113 silly gunzTarPerm extractEntry CHANGELOG
114 silly gunzTarPerm modified mode [ 'CHANGELOG', 420, 438 ]
115 silly gunzTarPerm extractEntry Makefile
116 silly gunzTarPerm modified mode [ 'Makefile', 420, 438 ]
117 silly gunzTarPerm extractEntry examples/
118 silly gunzTarPerm modified mode [ 'examples/', 493, 511 ]
119 silly gunzTarPerm extractEntry examples/forever_gen_salt.js
120 silly gunzTarPerm modified mode [ 'examples/forever_gen_salt.js', 420, 438 ]
121 silly gunzTarPerm extractEntry examples/async_compare.js
122 silly gunzTarPerm modified mode [ 'examples/async_compare.js', 420, 438 ]
123 silly gunzTarPerm extractEntry LICENSE
124 silly gunzTarPerm modified mode [ 'LICENSE', 420, 438 ]
125 silly gunzTarPerm extractEntry src/
126 silly gunzTarPerm modified mode [ 'src/', 493, 511 ]
127 silly gunzTarPerm extractEntry src/bcrypt.cc
128 silly gunzTarPerm modified mode [ 'src/bcrypt.cc', 420, 438 ]
129 silly gunzTarPerm extractEntry src/node_blf.h
130 silly gunzTarPerm modified mode [ 'src/node_blf.h', 420, 438 ]
131 silly gunzTarPerm extractEntry src/blowfish.cc
132 silly gunzTarPerm modified mode [ 'src/blowfish.cc', 420, 438 ]
133 silly gunzTarPerm extractEntry src/bcrypt_node.cc
134 silly gunzTarPerm modified mode [ 'src/bcrypt_node.cc', 420, 438 ]
135 silly gunzTarPerm extractEntry .travis.yml
136 silly gunzTarPerm modified mode [ '.travis.yml', 420, 438 ]
137 silly gunzTarPerm extractEntry wscript
138 silly gunzTarPerm modified mode [ 'wscript', 420, 438 ]
139 silly gunzTarPerm extractEntry bcrypt.js
140 silly gunzTarPerm modified mode [ 'bcrypt.js', 420, 438 ]
141 silly gunzTarPerm extractEntry .npmignore
142 silly gunzTarPerm modified mode [ '.npmignore', 420, 438 ]
143 silly gentlyRm C:\Users\ZachAndChels\codefellows\401\labs\16-basic-auth\lab-zach\node_modules\.staging\bcrypt-1d09bc8b\node_modules is being purged
144 verbose gentlyRm don't care about contents; nuking C:\Users\ZachAndChels\codefellows\401\labs\16-basic-auth\lab-zach\node_modules\.staging\bcrypt-1d09bc8b\node_modules
145 silly doParallel preinstall 1
146 silly preinstall bcrypt@0.5.0 C:\Users\ZachAndChels\codefellows\401\labs\16-basic-auth\lab-zach\node_modules\.staging\bcrypt-1d09bc8b
147 info lifecycle bcrypt@0.5.0~preinstall: bcrypt@0.5.0
148 silly lifecycle bcrypt@0.5.0~preinstall: no script for preinstall, continuing
149 silly doReverseSerial remove 0
150 silly doSerial move 0
151 silly doSerial finalize 1
152 silly finalize C:\Users\ZachAndChels\codefellows\401\labs\16-basic-auth\lab-zach\node_modules\bcrypt
153 silly doSerial build 1
154 silly build bcrypt@0.5.0
155 info linkStuff bcrypt@0.5.0
156 silly linkStuff bcrypt@0.5.0 has C:\Users\ZachAndChels\codefellows\401\labs\16-basic-auth\lab-zach\node_modules as its parent node_modules
157 verbose linkBins bcrypt@0.5.0
158 verbose linkMans bcrypt@0.5.0
159 silly doSerial global-link 0
160 silly doParallel update-linked 0
161 silly doSerial install 1
162 silly install bcrypt@0.5.0 C:\Users\ZachAndChels\codefellows\401\labs\16-basic-auth\lab-zach\node_modules\.staging\bcrypt-1d09bc8b
163 info lifecycle bcrypt@0.5.0~install: bcrypt@0.5.0
164 verbose lifecycle bcrypt@0.5.0~install: unsafe-perm in lifecycle true
165 verbose lifecycle bcrypt@0.5.0~install: PATH: C:\Program Files\nodejs\node_modules\npm\bin\node-gyp-bin;C:\Users\ZachAndChels\codefellows\401\labs\16-basic-auth\lab-zach\node_modules\bcrypt\node_modules\.bin;C:\Users\ZachAndChels\codefellows\401\labs\16-basic-auth\lab-zach\node_modules\.bin;C:\Users\ZachAndChels\bin;C:\Program Files\Git\mingw64\bin;C:\Program Files\Git\usr\local\bin;C:\Program Files\Git\usr\bin;C:\Program Files\Git\usr\bin;C:\Program Files\Git\mingw64\bin;C:\Program Files\Git\usr\bin;C:\Users\ZachAndChels\bin;C:\Program Files (x86)\Intel\iCLS Client;C:\Program Files\Intel\iCLS Client;C:\windows\system32;C:\windows;C:\windows\System32\Wbem;C:\windows\System32\WindowsPowerShell\v1.0;C:\Program Files (x86)\Intel\Intel(R) Management Engine Components\DAL;C:\Program Files\Intel\Intel(R) Management Engine Components\DAL;C:\Program Files (x86)\Intel\Intel(R) Management Engine Components\IPT;C:\Program Files\Intel\Intel(R) Management Engine Components\IPT;C:\Program Files\Intel\WiFi\bin;C:\Program Files\Common Files\Intel\WirelessCommon;C:\Program Files (x86)\NVIDIA Corporation\PhysX\Common;C:\Program Files\Git\cmd;C:\Program Files\nodejs;C:\Program Files\PuTTY;C:\Users\ZachAndChels\AppData\Local\Microsoft\WindowsApps;C:\Users\ZachAndChels\AppData\Local\atom\bin;C:\Users\ZachAndChels\AppData\Roaming\npm;C:\Program Files\Git\usr\bin\vendor_perl;C:\Program Files\Git\usr\bin\core_perl
166 verbose lifecycle bcrypt@0.5.0~install: CWD: C:\Users\ZachAndChels\codefellows\401\labs\16-basic-auth\lab-zach\node_modules\bcrypt
167 silly lifecycle bcrypt@0.5.0~install: Args: [ '/d /s /c', 'make build' ]
168 silly lifecycle bcrypt@0.5.0~install: Returned: code: 1  signal: null
169 info lifecycle bcrypt@0.5.0~install: Failed to exec install script
170 verbose unlock done using C:\Users\ZachAndChels\AppData\Roaming\npm-cache\_locks\staging-09b41a9f431814e9.lock for C:\Users\ZachAndChels\codefellows\401\labs\16-basic-auth\lab-zach\node_modules\.staging
171 silly rollbackFailedOptional Starting
172 silly rollbackFailedOptional Finishing
173 silly runTopLevelLifecycles Finishing
174 silly install printInstalled
175 verbose stack Error: bcrypt@0.5.0 install: `make build`
175 verbose stack Exit status 1
175 verbose stack     at EventEmitter.<anonymous> (C:\Program Files\nodejs\node_modules\npm\lib\utils\lifecycle.js:255:16)
175 verbose stack     at emitTwo (events.js:106:13)
175 verbose stack     at EventEmitter.emit (events.js:191:7)
175 verbose stack     at ChildProcess.<anonymous> (C:\Program Files\nodejs\node_modules\npm\lib\utils\spawn.js:40:14)
175 verbose stack     at emitTwo (events.js:106:13)
175 verbose stack     at ChildProcess.emit (events.js:191:7)
175 verbose stack     at maybeClose (internal/child_process.js:891:16)
175 verbose stack     at Process.ChildProcess._handle.onexit (internal/child_process.js:226:5)
176 verbose pkgid bcrypt@0.5.0
177 verbose cwd C:\Users\ZachAndChels\codefellows\401\labs\16-basic-auth\lab-zach
178 error Windows_NT 10.0.14393
179 error argv "C:\\Program Files\\nodejs\\node.exe" "C:\\Program Files\\nodejs\\node_modules\\npm\\bin\\npm-cli.js" "i"
180 error node v6.11.0
181 error npm  v3.10.10
182 error code ELIFECYCLE
183 error bcrypt@0.5.0 install: `make build`
183 error Exit status 1
184 error Failed at the bcrypt@0.5.0 install script 'make build'.
184 error Make sure you have the latest version of node.js and npm installed.
184 error If you do, this is most likely a problem with the bcrypt package,
184 error not with npm itself.
184 error Tell the author that this fails on your system:
184 error     make build
184 error You can get information on how to open an issue for this project with:
184 error     npm bugs bcrypt
184 error Or if that isn't available, you can get their info via:
184 error     npm owner ls bcrypt
184 error There is likely additional logging output above.
185 verbose exit [ 1, true ]
